<?xml version="1.0" encoding="UTF-8"?>
<testsuite name="com.test.MatrixMathematicsTest" tests="4" skipped="0" failures="0" errors="0" timestamp="2019-12-16T09:07:02" hostname="Reffad" time="0.026">
  <properties/>
  <testcase name="testDeterminant" classname="com.test.MatrixMathematicsTest" time="0.013"/>
  <testcase name="testCofactor" classname="com.test.MatrixMathematicsTest" time="0.004"/>
  <testcase name="testInverse" classname="com.test.MatrixMathematicsTest" time="0.002"/>
  <testcase name="testTranspose" classname="com.test.MatrixMathematicsTest" time="0.001"/>
  <system-out><![CDATA[]]></system-out>
  <system-err><![CDATA[]]></system-err>
</testsuite>
